[2020-05-17 00:38:12.111] [INFO ] [restartedMain] [org.springframework.boot.StartupInfoLogger.logStarting:55] - Starting CmsApplication on localhost with PID 6760 (E:\IdeaProjects\cms\target\classes started by Matrix in E:\IdeaProjects\cms)
[2020-05-17 00:38:12.114] [INFO ] [restartedMain] [org.springframework.boot.SpringApplication.logStartupProfileInfo:651] - No active profile set, falling back to default profiles: default
[2020-05-17 00:38:12.212] [INFO ] [restartedMain] [org.springframework.boot.logging.DeferredLog.logTo:225] - Devtools property defaults active! Set 'spring.devtools.add-properties' to 'false' to disable
[2020-05-17 00:38:12.213] [INFO ] [restartedMain] [org.springframework.boot.logging.DeferredLog.logTo:225] - For additional web related logging consider setting the 'logging.level.web' property to 'DEBUG'
[2020-05-17 00:38:13.078] [INFO ] [restartedMain] [org.springframework.data.repository.config.RepositoryConfigurationDelegate.multipleStoresDetected:246] - Multiple Spring Data modules found, entering strict repository configuration mode!
[2020-05-17 00:38:13.080] [INFO ] [restartedMain] [org.springframework.data.repository.config.RepositoryConfigurationDelegate.registerRepositoriesIn:126] - Bootstrapping Spring Data repositories in DEFAULT mode.
[2020-05-17 00:38:13.112] [INFO ] [restartedMain] [org.springframework.data.repository.config.RepositoryConfigurationDelegate.registerRepositoriesIn:184] - Finished Spring Data repository scanning in 22ms. Found 0 repository interfaces.
[2020-05-17 00:38:13.340] [INFO ] [restartedMain] [org.springframework.context.support.PostProcessorRegistrationDelegate$BeanPostProcessorChecker.postProcessAfterInitialization:330] - Bean 'threadPoolConfiguration' of type [net.stackoverflow.cms.config.ThreadPoolConfiguration$$EnhancerBySpringCGLIB$$b4d1362] is not eligible for getting processed by all BeanPostProcessors (for example: not eligible for auto-proxying)
[2020-05-17 00:38:13.380] [INFO ] [restartedMain] [org.springframework.context.support.PostProcessorRegistrationDelegate$BeanPostProcessorChecker.postProcessAfterInitialization:330] - Bean 'org.springframework.transaction.annotation.ProxyTransactionManagementConfiguration' of type [org.springframework.transaction.annotation.ProxyTransactionManagementConfiguration] is not eligible for getting processed by all BeanPostProcessors (for example: not eligible for auto-proxying)
[2020-05-17 00:38:13.642] [INFO ] [restartedMain] [org.springframework.boot.web.embedded.tomcat.TomcatWebServer.initialize:92] - Tomcat initialized with port(s): 80 (http)
[2020-05-17 00:38:13.648] [INFO ] [restartedMain] [org.apache.juli.logging.DirectJDKLog.log:173] - Initializing ProtocolHandler ["http-nio-80"]
[2020-05-17 00:38:13.648] [INFO ] [restartedMain] [org.apache.juli.logging.DirectJDKLog.log:173] - Starting service [Tomcat]
[2020-05-17 00:38:13.649] [INFO ] [restartedMain] [org.apache.juli.logging.DirectJDKLog.log:173] - Starting Servlet engine: [Apache Tomcat/9.0.27]
[2020-05-17 00:38:13.650] [INFO ] [restartedMain] [org.apache.juli.logging.DirectJDKLog.log:173] - An older version [1.2.19] of the APR based Apache Tomcat Native library is installed, while Tomcat recommends a minimum version of [1.2.23]
[2020-05-17 00:38:13.650] [INFO ] [restartedMain] [org.apache.juli.logging.DirectJDKLog.log:173] - Loaded APR based Apache Tomcat Native library [1.2.19] using APR version [1.6.5].
[2020-05-17 00:38:13.650] [INFO ] [restartedMain] [org.apache.juli.logging.DirectJDKLog.log:173] - APR capabilities: IPv6 [true], sendfile [true], accept filters [false], random [true].
[2020-05-17 00:38:13.651] [INFO ] [restartedMain] [org.apache.juli.logging.DirectJDKLog.log:173] - APR/OpenSSL configuration: useAprConnector [false], useOpenSSL [true]
[2020-05-17 00:38:13.653] [INFO ] [restartedMain] [org.apache.juli.logging.DirectJDKLog.log:173] - OpenSSL successfully initialized [OpenSSL 1.1.1a  20 Nov 2018]
[2020-05-17 00:38:13.712] [INFO ] [restartedMain] [org.apache.juli.logging.DirectJDKLog.log:173] - Initializing Spring embedded WebApplicationContext
[2020-05-17 00:38:13.713] [INFO ] [restartedMain] [org.springframework.boot.web.servlet.context.ServletWebServerApplicationContext.prepareWebApplicationContext:284] - Root WebApplicationContext: initialization completed in 1499 ms
[2020-05-17 00:38:13.932] [INFO ] [restartedMain] [com.alibaba.druid.spring.boot.autoconfigure.DruidDataSourceAutoConfigure.dataSource:56] - Init DruidDataSource
[2020-05-17 00:38:14.013] [INFO ] [restartedMain] [com.alibaba.druid.pool.DruidDataSource.init:1010] - {dataSource-1} inited
[2020-05-17 00:38:14.582] [INFO ] [restartedMain] [org.springframework.security.web.DefaultSecurityFilterChain.<init>:43] - Creating filter chain: any request, [org.springframework.security.web.context.request.async.WebAsyncManagerIntegrationFilter@593f2b20, org.springframework.security.web.context.SecurityContextPersistenceFilter@445b6dbe, org.springframework.security.web.header.HeaderWriterFilter@1b7e1c24, org.springframework.security.web.authentication.logout.LogoutFilter@487bc60d, net.stackoverflow.cms.web.filter.VerifyCodeFilter@6cd83792, org.springframework.security.web.authentication.UsernamePasswordAuthenticationFilter@31cd9760, org.springframework.security.web.session.ConcurrentSessionFilter@61fe5c04, org.springframework.security.web.savedrequest.RequestCacheAwareFilter@26b3c037, org.springframework.security.web.servletapi.SecurityContextHolderAwareRequestFilter@7dd79bfa, org.springframework.security.web.authentication.rememberme.RememberMeAuthenticationFilter@1af1f556, org.springframework.security.web.authentication.AnonymousAuthenticationFilter@73bcc80d, org.springframework.security.web.session.SessionManagementFilter@4c668a8a, org.springframework.security.web.access.ExceptionTranslationFilter@7553dadd, org.springframework.security.web.access.intercept.FilterSecurityInterceptor@58d1da16]
[2020-05-17 00:38:14.676] [INFO ] [restartedMain] [org.springframework.scheduling.concurrent.ExecutorConfigurationSupport.initialize:171] - Initializing ExecutorService 'applicationTaskExecutor'
[2020-05-17 00:38:14.731] [INFO ] [restartedMain] [org.springframework.boot.autoconfigure.web.servlet.WelcomePageHandlerMapping.<init>:54] - Adding welcome page: class path resource [static/index.html]
[2020-05-17 00:38:14.969] [WARN ] [restartedMain] [org.springframework.boot.autoconfigure.freemarker.FreeMarkerAutoConfiguration.checkTemplateLocationExists:67] - Cannot find template location(s): [classpath:/templates/] (please add some templates, check your FreeMarker configuration, or set spring.freemarker.checkTemplateLocation=false)
[2020-05-17 00:38:14.984] [INFO ] [restartedMain] [org.springframework.scheduling.concurrent.ExecutorConfigurationSupport.initialize:171] - Initializing ExecutorService 'taskScheduler'
[2020-05-17 00:38:15.009] [INFO ] [restartedMain] [org.springframework.boot.devtools.autoconfigure.OptionalLiveReloadServer.startServer:58] - LiveReload server is running on port 35729
[2020-05-17 00:38:15.013] [INFO ] [restartedMain] [org.springframework.boot.actuate.endpoint.web.EndpointLinksResolver.<init>:58] - Exposing 13 endpoint(s) beneath base path '/actuator'
[2020-05-17 00:38:15.054] [INFO ] [restartedMain] [org.apache.juli.logging.DirectJDKLog.log:173] - Starting ProtocolHandler ["http-nio-80"]
[2020-05-17 00:38:15.068] [INFO ] [restartedMain] [org.springframework.boot.web.embedded.tomcat.TomcatWebServer.start:204] - Tomcat started on port(s): 80 (http) with context path ''
[2020-05-17 00:38:15.070] [INFO ] [restartedMain] [org.springframework.boot.StartupInfoLogger.logStarted:61] - Started CmsApplication in 3.255 seconds (JVM running for 4.511)
[2020-05-17 00:38:15.250] [INFO ] [http-nio-80-exec-1] [org.apache.juli.logging.DirectJDKLog.log:173] - Initializing Spring DispatcherServlet 'dispatcherServlet'
[2020-05-17 00:38:15.251] [INFO ] [http-nio-80-exec-1] [org.springframework.web.servlet.FrameworkServlet.initServletBean:525] - Initializing Servlet 'dispatcherServlet'
[2020-05-17 00:38:15.255] [INFO ] [http-nio-80-exec-1] [org.springframework.web.servlet.FrameworkServlet.initServletBean:547] - Completed initialization in 4 ms
[2020-05-17 00:38:15.480] [INFO ] [boundedElastic-1] [io.lettuce.core.EpollProvider.<clinit>:68] - Starting without optional epoll library
[2020-05-17 00:38:15.481] [INFO ] [boundedElastic-1] [io.lettuce.core.KqueueProvider.<clinit>:70] - Starting without optional kqueue library
[2020-05-17 00:38:15.888] [INFO ] [http-nio-80-exec-2] [net.stackoverflow.cms.web.controller.VerifyCodeController.code:40] - sessionId:23CDF24827AC8E006D6070D4E62E1BA3,验证码:PCXP
[2020-05-17 00:38:44.982] [DEBUG] [http-nio-80-exec-6] [org.apache.ibatis.logging.jdbc.BaseJdbcLogger.debug:143] - ==>  Preparing: select * from user WHERE username = ? 
[2020-05-17 00:38:44.989] [DEBUG] [http-nio-80-exec-6] [org.apache.ibatis.logging.jdbc.BaseJdbcLogger.debug:143] - ==> Parameters: admin(String)
[2020-05-17 00:38:44.996] [DEBUG] [http-nio-80-exec-6] [org.apache.ibatis.logging.jdbc.BaseJdbcLogger.debug:143] - <==      Total: 1
[2020-05-17 00:38:44.997] [DEBUG] [http-nio-80-exec-6] [org.apache.ibatis.logging.jdbc.BaseJdbcLogger.debug:143] - ==>  Preparing: select * from user_role WHERE user_id = ? 
[2020-05-17 00:38:44.998] [DEBUG] [http-nio-80-exec-6] [org.apache.ibatis.logging.jdbc.BaseJdbcLogger.debug:143] - ==> Parameters: a8ef088d-252b-4548-9afb-c209aa654de8(String)
[2020-05-17 00:38:44.999] [DEBUG] [http-nio-80-exec-6] [org.apache.ibatis.logging.jdbc.BaseJdbcLogger.debug:143] - <==      Total: 1
[2020-05-17 00:38:45.000] [DEBUG] [http-nio-80-exec-6] [org.apache.ibatis.logging.jdbc.BaseJdbcLogger.debug:143] - ==>  Preparing: select * from role where id = ? 
[2020-05-17 00:38:45.000] [DEBUG] [http-nio-80-exec-6] [org.apache.ibatis.logging.jdbc.BaseJdbcLogger.debug:143] - ==> Parameters: ad66668e-bbc4-4209-91fe-0c581c9e4e93(String)
[2020-05-17 00:38:45.001] [DEBUG] [http-nio-80-exec-6] [org.apache.ibatis.logging.jdbc.BaseJdbcLogger.debug:143] - <==      Total: 1
[2020-05-17 00:38:45.001] [DEBUG] [http-nio-80-exec-6] [org.apache.ibatis.logging.jdbc.BaseJdbcLogger.debug:143] - ==>  Preparing: select * from user_role WHERE user_id = ? 
[2020-05-17 00:38:45.002] [DEBUG] [http-nio-80-exec-6] [org.apache.ibatis.logging.jdbc.BaseJdbcLogger.debug:143] - ==> Parameters: a8ef088d-252b-4548-9afb-c209aa654de8(String)
[2020-05-17 00:38:45.002] [DEBUG] [http-nio-80-exec-6] [org.apache.ibatis.logging.jdbc.BaseJdbcLogger.debug:143] - <==      Total: 1
[2020-05-17 00:38:45.003] [DEBUG] [http-nio-80-exec-6] [org.apache.ibatis.logging.jdbc.BaseJdbcLogger.debug:143] - ==>  Preparing: select * from role where id = ? 
[2020-05-17 00:38:45.003] [DEBUG] [http-nio-80-exec-6] [org.apache.ibatis.logging.jdbc.BaseJdbcLogger.debug:143] - ==> Parameters: ad66668e-bbc4-4209-91fe-0c581c9e4e93(String)
[2020-05-17 00:38:45.004] [DEBUG] [http-nio-80-exec-6] [org.apache.ibatis.logging.jdbc.BaseJdbcLogger.debug:143] - <==      Total: 1
[2020-05-17 00:38:45.005] [DEBUG] [http-nio-80-exec-6] [org.apache.ibatis.logging.jdbc.BaseJdbcLogger.debug:143] - ==>  Preparing: select * from role_permission WHERE role_id = ? 
[2020-05-17 00:38:45.005] [DEBUG] [http-nio-80-exec-6] [org.apache.ibatis.logging.jdbc.BaseJdbcLogger.debug:143] - ==> Parameters: ad66668e-bbc4-4209-91fe-0c581c9e4e93(String)
[2020-05-17 00:38:45.006] [DEBUG] [http-nio-80-exec-6] [org.apache.ibatis.logging.jdbc.BaseJdbcLogger.debug:143] - <==      Total: 2
[2020-05-17 00:38:45.006] [DEBUG] [http-nio-80-exec-6] [org.apache.ibatis.logging.jdbc.BaseJdbcLogger.debug:143] - ==>  Preparing: select * from permission where id = ? 
[2020-05-17 00:38:45.007] [DEBUG] [http-nio-80-exec-6] [org.apache.ibatis.logging.jdbc.BaseJdbcLogger.debug:143] - ==> Parameters: 7c7f5593-4c92-4a65-bc59-0e11bdf9f22d(String)
[2020-05-17 00:38:45.007] [DEBUG] [http-nio-80-exec-6] [org.apache.ibatis.logging.jdbc.BaseJdbcLogger.debug:143] - <==      Total: 1
[2020-05-17 00:38:45.008] [DEBUG] [http-nio-80-exec-6] [org.apache.ibatis.logging.jdbc.BaseJdbcLogger.debug:143] - ==>  Preparing: select * from permission where id = ? 
[2020-05-17 00:38:45.008] [DEBUG] [http-nio-80-exec-6] [org.apache.ibatis.logging.jdbc.BaseJdbcLogger.debug:143] - ==> Parameters: f6f16b02-ccc6-4c07-96e7-c4f512ff6d2c(String)
[2020-05-17 00:38:45.009] [DEBUG] [http-nio-80-exec-6] [org.apache.ibatis.logging.jdbc.BaseJdbcLogger.debug:143] - <==      Total: 1
[2020-05-17 00:38:45.009] [INFO ] [http-nio-80-exec-6] [net.stackoverflow.cms.security.CmsUserDetailsService.loadUserByUsername:46] - 加载完用户信息:admin
[2020-05-17 00:38:45.011] [INFO ] [http-nio-80-exec-6] [net.stackoverflow.cms.security.CmsAuthenticationSuccessHandler.onAuthenticationSuccess:31] - admin:登录成功
[2020-05-17 00:38:45.186] [DEBUG] [http-nio-80-exec-9] [org.apache.ibatis.logging.jdbc.BaseJdbcLogger.debug:143] - ==>  Preparing: select * from user where id = ? 
[2020-05-17 00:38:45.187] [DEBUG] [http-nio-80-exec-9] [org.apache.ibatis.logging.jdbc.BaseJdbcLogger.debug:143] - ==> Parameters: a8ef088d-252b-4548-9afb-c209aa654de8(String)
[2020-05-17 00:38:45.188] [DEBUG] [http-nio-80-exec-9] [org.apache.ibatis.logging.jdbc.BaseJdbcLogger.debug:143] - <==      Total: 1
[2020-05-17 00:38:45.189] [DEBUG] [http-nio-80-exec-9] [org.apache.ibatis.logging.jdbc.BaseJdbcLogger.debug:143] - ==>  Preparing: select * from user_role WHERE user_id = ? 
[2020-05-17 00:38:45.190] [DEBUG] [http-nio-80-exec-9] [org.apache.ibatis.logging.jdbc.BaseJdbcLogger.debug:143] - ==> Parameters: a8ef088d-252b-4548-9afb-c209aa654de8(String)
[2020-05-17 00:38:45.190] [DEBUG] [http-nio-80-exec-9] [org.apache.ibatis.logging.jdbc.BaseJdbcLogger.debug:143] - <==      Total: 1
[2020-05-17 00:38:45.191] [DEBUG] [http-nio-80-exec-9] [org.apache.ibatis.logging.jdbc.BaseJdbcLogger.debug:143] - ==>  Preparing: select * from role where id = ? 
[2020-05-17 00:38:45.192] [DEBUG] [http-nio-80-exec-9] [org.apache.ibatis.logging.jdbc.BaseJdbcLogger.debug:143] - ==> Parameters: ad66668e-bbc4-4209-91fe-0c581c9e4e93(String)
[2020-05-17 00:38:45.192] [DEBUG] [http-nio-80-exec-9] [org.apache.ibatis.logging.jdbc.BaseJdbcLogger.debug:143] - <==      Total: 1
[2020-05-17 00:38:45.193] [DEBUG] [http-nio-80-exec-9] [org.apache.ibatis.logging.jdbc.BaseJdbcLogger.debug:143] - ==>  Preparing: select * from user_role WHERE user_id = ? 
[2020-05-17 00:38:45.193] [DEBUG] [http-nio-80-exec-9] [org.apache.ibatis.logging.jdbc.BaseJdbcLogger.debug:143] - ==> Parameters: a8ef088d-252b-4548-9afb-c209aa654de8(String)
[2020-05-17 00:38:45.194] [DEBUG] [http-nio-80-exec-9] [org.apache.ibatis.logging.jdbc.BaseJdbcLogger.debug:143] - <==      Total: 1
[2020-05-17 00:38:45.195] [DEBUG] [http-nio-80-exec-9] [org.apache.ibatis.logging.jdbc.BaseJdbcLogger.debug:143] - ==>  Preparing: select * from role where id = ? 
[2020-05-17 00:38:45.195] [DEBUG] [http-nio-80-exec-9] [org.apache.ibatis.logging.jdbc.BaseJdbcLogger.debug:143] - ==> Parameters: ad66668e-bbc4-4209-91fe-0c581c9e4e93(String)
[2020-05-17 00:38:45.196] [DEBUG] [http-nio-80-exec-9] [org.apache.ibatis.logging.jdbc.BaseJdbcLogger.debug:143] - <==      Total: 1
[2020-05-17 00:38:45.197] [DEBUG] [http-nio-80-exec-9] [org.apache.ibatis.logging.jdbc.BaseJdbcLogger.debug:143] - ==>  Preparing: select * from role_permission WHERE role_id = ? 
[2020-05-17 00:38:45.197] [DEBUG] [http-nio-80-exec-9] [org.apache.ibatis.logging.jdbc.BaseJdbcLogger.debug:143] - ==> Parameters: ad66668e-bbc4-4209-91fe-0c581c9e4e93(String)
[2020-05-17 00:38:45.198] [DEBUG] [http-nio-80-exec-9] [org.apache.ibatis.logging.jdbc.BaseJdbcLogger.debug:143] - <==      Total: 2
[2020-05-17 00:38:45.200] [DEBUG] [http-nio-80-exec-9] [org.apache.ibatis.logging.jdbc.BaseJdbcLogger.debug:143] - ==>  Preparing: select * from permission where id = ? 
[2020-05-17 00:38:45.200] [DEBUG] [http-nio-80-exec-9] [org.apache.ibatis.logging.jdbc.BaseJdbcLogger.debug:143] - ==> Parameters: 7c7f5593-4c92-4a65-bc59-0e11bdf9f22d(String)
[2020-05-17 00:38:45.201] [DEBUG] [http-nio-80-exec-9] [org.apache.ibatis.logging.jdbc.BaseJdbcLogger.debug:143] - <==      Total: 1
[2020-05-17 00:38:45.202] [DEBUG] [http-nio-80-exec-9] [org.apache.ibatis.logging.jdbc.BaseJdbcLogger.debug:143] - ==>  Preparing: select * from permission where id = ? 
[2020-05-17 00:38:45.203] [DEBUG] [http-nio-80-exec-9] [org.apache.ibatis.logging.jdbc.BaseJdbcLogger.debug:143] - ==> Parameters: f6f16b02-ccc6-4c07-96e7-c4f512ff6d2c(String)
[2020-05-17 00:38:45.204] [DEBUG] [http-nio-80-exec-9] [org.apache.ibatis.logging.jdbc.BaseJdbcLogger.debug:143] - <==      Total: 1
[2020-05-17 00:38:45.386] [DEBUG] [http-nio-80-exec-3] [org.apache.ibatis.logging.jdbc.BaseJdbcLogger.debug:143] - ==>  Preparing: select * from config 
[2020-05-17 00:38:45.387] [DEBUG] [http-nio-80-exec-5] [org.apache.ibatis.logging.jdbc.BaseJdbcLogger.debug:143] - ==>  Preparing: select * from user 
[2020-05-17 00:38:45.388] [DEBUG] [http-nio-80-exec-3] [org.apache.ibatis.logging.jdbc.BaseJdbcLogger.debug:143] - ==> Parameters: 
[2020-05-17 00:38:45.388] [DEBUG] [http-nio-80-exec-5] [org.apache.ibatis.logging.jdbc.BaseJdbcLogger.debug:143] - ==> Parameters: 
[2020-05-17 00:38:45.389] [DEBUG] [http-nio-80-exec-5] [org.apache.ibatis.logging.jdbc.BaseJdbcLogger.debug:143] - <==      Total: 1
[2020-05-17 00:38:45.389] [DEBUG] [http-nio-80-exec-3] [org.apache.ibatis.logging.jdbc.BaseJdbcLogger.debug:143] - <==      Total: 3
[2020-05-17 00:38:45.390] [DEBUG] [http-nio-80-exec-5] [org.apache.ibatis.logging.jdbc.BaseJdbcLogger.debug:143] - ==>  Preparing: select * from role 
[2020-05-17 00:38:45.391] [DEBUG] [http-nio-80-exec-5] [org.apache.ibatis.logging.jdbc.BaseJdbcLogger.debug:143] - ==> Parameters: 
[2020-05-17 00:38:45.392] [DEBUG] [http-nio-80-exec-5] [org.apache.ibatis.logging.jdbc.BaseJdbcLogger.debug:143] - <==      Total: 1
[2020-05-17 00:38:45.393] [INFO ] [http-nio-80-exec-7] [net.stackoverflow.cms.web.controller.VerifyCodeController.code:40] - sessionId:E729449BE4AAF7A73514644368865857,验证码:J26K
[2020-05-17 00:38:45.393] [DEBUG] [http-nio-80-exec-5] [org.apache.ibatis.logging.jdbc.BaseJdbcLogger.debug:143] - ==>  Preparing: select * from permission 
[2020-05-17 00:38:45.394] [DEBUG] [http-nio-80-exec-5] [org.apache.ibatis.logging.jdbc.BaseJdbcLogger.debug:143] - ==> Parameters: 
[2020-05-17 00:38:45.395] [DEBUG] [http-nio-80-exec-5] [org.apache.ibatis.logging.jdbc.BaseJdbcLogger.debug:143] - <==      Total: 2
[2020-05-17 00:38:46.246] [DEBUG] [http-nio-80-exec-8] [org.apache.ibatis.logging.jdbc.BaseJdbcLogger.debug:143] - ==>  Preparing: select * from config 
[2020-05-17 00:38:46.246] [DEBUG] [http-nio-80-exec-8] [org.apache.ibatis.logging.jdbc.BaseJdbcLogger.debug:143] - ==> Parameters: 
[2020-05-17 00:38:46.247] [DEBUG] [http-nio-80-exec-8] [org.apache.ibatis.logging.jdbc.BaseJdbcLogger.debug:143] - <==      Total: 3
[2020-05-17 00:38:50.978] [DEBUG] [http-nio-80-exec-4] [org.apache.ibatis.logging.jdbc.BaseJdbcLogger.debug:143] - ==>  Preparing: insert into file ( id,name,path,`time`,user_id ) values ( ?,?,?,?,? ) 
[2020-05-17 00:38:50.980] [DEBUG] [http-nio-80-exec-4] [org.apache.ibatis.logging.jdbc.BaseJdbcLogger.debug:143] - ==> Parameters: 33eb2de1-85d2-4be7-a643-cf1c34dee13f(String), 4-141010113626.jpg(String), /2020/05/17/a02a1519-c39b-4315-a4a9-23873bfcd9c4.jpg(String), 2020-05-17 00:38:50.977(Timestamp), a8ef088d-252b-4548-9afb-c209aa654de8(String)
[2020-05-17 00:38:50.982] [DEBUG] [http-nio-80-exec-4] [org.apache.ibatis.logging.jdbc.BaseJdbcLogger.debug:143] - <==    Updates: 1
[2020-05-17 00:38:51.041] [DEBUG] [http-nio-80-exec-4] [org.apache.ibatis.logging.jdbc.BaseJdbcLogger.debug:143] - ==>  Preparing: select * from config WHERE `key` = ? 
[2020-05-17 00:38:51.041] [DEBUG] [http-nio-80-exec-4] [org.apache.ibatis.logging.jdbc.BaseJdbcLogger.debug:143] - ==> Parameters: head(String)
[2020-05-17 00:38:51.042] [DEBUG] [http-nio-80-exec-4] [org.apache.ibatis.logging.jdbc.BaseJdbcLogger.debug:143] - <==      Total: 1
[2020-05-17 00:38:51.043] [DEBUG] [http-nio-80-exec-4] [org.apache.ibatis.logging.jdbc.BaseJdbcLogger.debug:143] - ==>  Preparing: update config SET `key` = ?, `value` = ? where id = ? 
[2020-05-17 00:38:51.043] [DEBUG] [http-nio-80-exec-4] [org.apache.ibatis.logging.jdbc.BaseJdbcLogger.debug:143] - ==> Parameters: head(String), /2020/05/17/a02a1519-c39b-4315-a4a9-23873bfcd9c4.jpg(String), 9d5fd101-ecb7-484a-a931-a29a5a3bda91(String)
[2020-05-17 00:38:51.044] [DEBUG] [http-nio-80-exec-4] [org.apache.ibatis.logging.jdbc.BaseJdbcLogger.debug:143] - <==    Updates: 1
[2020-05-17 00:38:52.014] [DEBUG] [http-nio-80-exec-10] [org.apache.ibatis.logging.jdbc.BaseJdbcLogger.debug:143] - ==>  Preparing: select * from user 
[2020-05-17 00:38:52.015] [DEBUG] [http-nio-80-exec-10] [org.apache.ibatis.logging.jdbc.BaseJdbcLogger.debug:143] - ==> Parameters: 
[2020-05-17 00:38:52.016] [DEBUG] [http-nio-80-exec-10] [org.apache.ibatis.logging.jdbc.BaseJdbcLogger.debug:143] - <==      Total: 1
[2020-05-17 00:38:52.016] [DEBUG] [http-nio-80-exec-10] [org.apache.ibatis.logging.jdbc.BaseJdbcLogger.debug:143] - ==>  Preparing: select * from role 
[2020-05-17 00:38:52.017] [DEBUG] [http-nio-80-exec-10] [org.apache.ibatis.logging.jdbc.BaseJdbcLogger.debug:143] - ==> Parameters: 
[2020-05-17 00:38:52.018] [DEBUG] [http-nio-80-exec-10] [org.apache.ibatis.logging.jdbc.BaseJdbcLogger.debug:143] - <==      Total: 1
[2020-05-17 00:38:52.018] [DEBUG] [http-nio-80-exec-10] [org.apache.ibatis.logging.jdbc.BaseJdbcLogger.debug:143] - ==>  Preparing: select * from permission 
[2020-05-17 00:38:52.019] [DEBUG] [http-nio-80-exec-10] [org.apache.ibatis.logging.jdbc.BaseJdbcLogger.debug:143] - ==> Parameters: 
[2020-05-17 00:38:52.020] [DEBUG] [http-nio-80-exec-10] [org.apache.ibatis.logging.jdbc.BaseJdbcLogger.debug:143] - <==      Total: 2
[2020-05-17 00:38:53.630] [DEBUG] [http-nio-80-exec-1] [org.apache.ibatis.logging.jdbc.BaseJdbcLogger.debug:143] - ==>  Preparing: select * from config 
[2020-05-17 00:38:53.630] [DEBUG] [http-nio-80-exec-1] [org.apache.ibatis.logging.jdbc.BaseJdbcLogger.debug:143] - ==> Parameters: 
[2020-05-17 00:38:53.631] [DEBUG] [http-nio-80-exec-1] [org.apache.ibatis.logging.jdbc.BaseJdbcLogger.debug:143] - <==      Total: 3
